mode: set
tec-doc/internal/tec-doc/web/externalserver/handler.go:13.60,15.16 2 0
tec-doc/internal/tec-doc/web/externalserver/handler.go:22.2,22.46 1 0
tec-doc/internal/tec-doc/web/externalserver/handler.go:15.16,21.3 3 0
tec-doc/internal/tec-doc/web/externalserver/handler.go:25.60,27.16 2 0
tec-doc/internal/tec-doc/web/externalserver/handler.go:34.2,36.4 1 0
tec-doc/internal/tec-doc/web/externalserver/handler.go:27.16,33.3 3 0
tec-doc/internal/tec-doc/web/externalserver/handler.go:39.65,50.40 5 0
tec-doc/internal/tec-doc/web/externalserver/handler.go:57.2,58.16 2 0
tec-doc/internal/tec-doc/web/externalserver/handler.go:65.2,66.16 2 0
tec-doc/internal/tec-doc/web/externalserver/handler.go:73.2,74.40 2 0
tec-doc/internal/tec-doc/web/externalserver/handler.go:50.40,55.3 2 0
tec-doc/internal/tec-doc/web/externalserver/handler.go:58.16,63.3 2 0
tec-doc/internal/tec-doc/web/externalserver/handler.go:66.16,71.3 2 0
tec-doc/internal/tec-doc/web/externalserver/handler.go:77.69,79.16 2 1
tec-doc/internal/tec-doc/web/externalserver/handler.go:87.2,88.16 2 1
tec-doc/internal/tec-doc/web/externalserver/handler.go:96.2,97.16 2 1
tec-doc/internal/tec-doc/web/externalserver/handler.go:105.2,106.16 2 1
tec-doc/internal/tec-doc/web/externalserver/handler.go:114.2,114.33 1 1
tec-doc/internal/tec-doc/web/externalserver/handler.go:79.16,85.3 3 1
tec-doc/internal/tec-doc/web/externalserver/handler.go:88.16,94.3 3 1
tec-doc/internal/tec-doc/web/externalserver/handler.go:97.16,103.3 3 1
tec-doc/internal/tec-doc/web/externalserver/handler.go:106.16,112.3 3 1
tec-doc/internal/tec-doc/web/externalserver/handler.go:117.64,128.40 5 0
tec-doc/internal/tec-doc/web/externalserver/handler.go:136.2,137.16 2 0
tec-doc/internal/tec-doc/web/externalserver/handler.go:145.2,146.16 2 0
tec-doc/internal/tec-doc/web/externalserver/handler.go:154.2,154.33 1 0
tec-doc/internal/tec-doc/web/externalserver/handler.go:128.40,134.3 3 0
tec-doc/internal/tec-doc/web/externalserver/handler.go:137.16,143.3 3 0
tec-doc/internal/tec-doc/web/externalserver/handler.go:146.16,152.3 3 0
tec-doc/internal/tec-doc/web/externalserver/server.go:41.94,55.2 4 0
tec-doc/internal/tec-doc/web/externalserver/server.go:57.48,66.2 8 0
tec-doc/internal/tec-doc/web/externalserver/server.go:68.44,71.2 2 0
tec-doc/internal/tec-doc/web/externalserver/server.go:73.43,75.2 1 0
tec-doc/internal/tec-doc/web/externalserver/server.go:77.63,88.15 5 0
tec-doc/internal/tec-doc/web/externalserver/server.go:97.2,97.15 1 0
tec-doc/internal/tec-doc/web/externalserver/server.go:106.2,111.9 1 0
tec-doc/internal/tec-doc/web/externalserver/server.go:88.15,95.3 1 0
tec-doc/internal/tec-doc/web/externalserver/server.go:97.15,104.3 1 0
